Reading netlist file: "C:\Users\Armin\Desktop\Isam_slova_konacno\fpga_project\impl\gwsynthesis\fpga_project.vg"
Parsing netlist file "C:\Users\Armin\Desktop\Isam_slova_konacno\fpga_project\impl\gwsynthesis\fpga_project.vg" completed
Processing netlist completed
Reading constraint file: "C:\Users\Armin\Desktop\Isam_slova_konacno\fpga_project\src\pcf.cst"
Physical Constraint parsed completed
Running placement......
[10%] Placement Phase 0 completed
[20%] Placement Phase 1 completed
[30%] Placement Phase 2 completed
[50%] Placement Phase 3 completed
Running routing......
[60%] Routing Phase 0 completed
[70%] Routing Phase 1 completed
[80%] Routing Phase 2 completed
WARN  (PR1014) : Generic routing resource will be used to clock signal 'XTAL_IN_d' by the specified constraint. And then it may lead to the excessive delay or skew
[90%] Routing Phase 3 completed
Running timing analysis......
[95%] Timing analysis completed
Placement and routing completed
Bitstream generation in progress......
Bitstream generation completed
Running power analysis......
[100%] Power analysis completed
Generate file "C:\Users\Armin\Desktop\Isam_slova_konacno\fpga_project\impl\pnr\fpga_project.power.html" completed
Generate file "C:\Users\Armin\Desktop\Isam_slova_konacno\fpga_project\impl\pnr\fpga_project.pin.html" completed
Generate file "C:\Users\Armin\Desktop\Isam_slova_konacno\fpga_project\impl\pnr\fpga_project.rpt.html" completed
Generate file "C:\Users\Armin\Desktop\Isam_slova_konacno\fpga_project\impl\pnr\fpga_project.rpt.txt" completed
Generate file "C:\Users\Armin\Desktop\Isam_slova_konacno\fpga_project\impl\pnr\fpga_project.tr.html" completed
Tue Oct 17 19:37:36 2023

